<?xml version="1.0" encoding="UTF-8"?>
<robot generator="Robot 3.1.2 (Python 3.7.7 on win32)" generated="20200405 09:10:32.993" rpa="false">
<suite id="s1" name="TestSebangsa" source="C:\Users\win7\eclipse-workspace\TestSebangsa">
<suite id="s1-s1" name="Testcases" source="C:\Users\win7\eclipse-workspace\TestSebangsa\Testcases">
<suite id="s1-s1-s1" name="Register" source="C:\Users\win7\eclipse-workspace\TestSebangsa\Testcases\Register.robot">
<test id="s1-s1-s1-t1" name="Register">
<kw name="Open Browser" library="SeleniumLibrary">
<doc>Opens a new browser instance to the optional ``url``.</doc>
<arguments>
<arg>http://sebangsa.com</arg>
<arg>firefox</arg>
</arguments>
<msg timestamp="20200405 09:10:33.257" level="INFO">Opening browser 'firefox' to base url 'http://sebangsa.com'.</msg>
<msg timestamp="20200405 09:10:33.260" level="INFO">Firefox driver log is always forced to to: C:\Users\win7\eclipse-workspace\TestSebangsa\geckodriver-41.log</msg>
<status status="PASS" starttime="20200405 09:10:33.257" endtime="20200405 09:10:47.318"></status>
</kw>
<kw name="Set Browser Implicit Wait" library="SeleniumLibrary">
<doc>Sets the implicit wait value used by Selenium.</doc>
<arguments>
<arg>2</arg>
</arguments>
<status status="PASS" starttime="20200405 09:10:47.319" endtime="20200405 09:10:47.323"></status>
</kw>
<kw name="Click Button" library="SeleniumLibrary">
<doc>Clicks the button identified by ``locator``.</doc>
<arguments>
<arg>id=dropbtn-register</arg>
</arguments>
<msg timestamp="20200405 09:10:47.323" level="INFO">Clicking button 'id=dropbtn-register'.</msg>
<status status="PASS" starttime="20200405 09:10:47.323" endtime="20200405 09:10:47.569"></status>
</kw>
<kw name="Set Browser Implicit Wait" library="SeleniumLibrary">
<doc>Sets the implicit wait value used by Selenium.</doc>
<arguments>
<arg>3</arg>
</arguments>
<status status="PASS" starttime="20200405 09:10:47.569" endtime="20200405 09:10:47.573"></status>
</kw>
<kw name="Generate Random String" library="String">
<doc>Generates a string with a desired ``length`` from the given ``chars``.</doc>
<arguments>
<arg>10</arg>
<arg>[LETTERS]</arg>
</arguments>
<assign>
<var>${username}</var>
</assign>
<msg timestamp="20200405 09:10:47.574" level="INFO">${username} = QXMzsTzvky</msg>
<status status="PASS" starttime="20200405 09:10:47.573" endtime="20200405 09:10:47.574"></status>
</kw>
<kw name="Input Text" library="SeleniumLibrary">
<doc>Types the given ``text`` into the text field identified by ``locator``.</doc>
<arguments>
<arg>id=reg_username</arg>
<arg>${username}</arg>
</arguments>
<msg timestamp="20200405 09:10:47.574" level="INFO">Typing text 'QXMzsTzvky' into text field 'id=reg_username'.</msg>
<status status="PASS" starttime="20200405 09:10:47.574" endtime="20200405 09:10:47.638"></status>
</kw>
<kw name="Generate Random String" library="String">
<doc>Generates a string with a desired ``length`` from the given ``chars``.</doc>
<arguments>
<arg>10</arg>
<arg>[LETTERS]</arg>
</arguments>
<assign>
<var>${email}</var>
</assign>
<msg timestamp="20200405 09:10:47.640" level="INFO">${email} = KCCahyfXfo</msg>
<status status="PASS" starttime="20200405 09:10:47.639" endtime="20200405 09:10:47.640"></status>
</kw>
<kw name="Input Text" library="SeleniumLibrary">
<doc>Types the given ``text`` into the text field identified by ``locator``.</doc>
<arguments>
<arg>id=reg_email</arg>
<arg>${email}@mailinator.com</arg>
</arguments>
<msg timestamp="20200405 09:10:47.641" level="INFO">Typing text 'KCCahyfXfo@mailinator.com' into text field 'id=reg_email'.</msg>
<status status="PASS" starttime="20200405 09:10:47.640" endtime="20200405 09:10:47.730"></status>
</kw>
<kw name="Input Text" library="SeleniumLibrary">
<doc>Types the given ``text`` into the text field identified by ``locator``.</doc>
<arguments>
<arg>id=reg_password</arg>
<arg>123456</arg>
</arguments>
<msg timestamp="20200405 09:10:47.731" level="INFO">Typing text '123456' into text field 'id=reg_password'.</msg>
<status status="PASS" starttime="20200405 09:10:47.731" endtime="20200405 09:10:47.767"></status>
</kw>
<kw name="Input Text" library="SeleniumLibrary">
<doc>Types the given ``text`` into the text field identified by ``locator``.</doc>
<arguments>
<arg>id=password_conf</arg>
<arg>123456</arg>
</arguments>
<msg timestamp="20200405 09:10:47.768" level="INFO">Typing text '123456' into text field 'id=password_conf'.</msg>
<status status="PASS" starttime="20200405 09:10:47.767" endtime="20200405 09:10:47.801"></status>
</kw>
<kw name="Click Element" library="SeleniumLibrary">
<doc>Click the element identified by ``locator``.</doc>
<arguments>
<arg>xpath=/html/body/div[1]/div[1]/div[3]/div[1]/div[1]/div/div[2]/div/div/div/div/form/p[2]/button</arg>
</arguments>
<msg timestamp="20200405 09:10:47.803" level="INFO">Clicking element 'xpath=/html/body/div[1]/div[1]/div[3]/div[1]/div[1]/div/div[2]/div/div/div/div/form/p[2]/button'.</msg>
<status status="PASS" starttime="20200405 09:10:47.802" endtime="20200405 09:10:48.068"></status>
</kw>
<kw name="Set Browser Implicit Wait" library="SeleniumLibrary">
<doc>Sets the implicit wait value used by Selenium.</doc>
<arguments>
<arg>3</arg>
</arguments>
<status status="PASS" starttime="20200405 09:10:48.069" endtime="20200405 09:10:48.071"></status>
</kw>
<kw name="Input Text" library="SeleniumLibrary">
<doc>Types the given ``text`` into the text field identified by ``locator``.</doc>
<arguments>
<arg>id=input_1_join</arg>
<arg>A</arg>
</arguments>
<msg timestamp="20200405 09:10:48.072" level="INFO">Typing text 'A' into text field 'id=input_1_join'.</msg>
<status status="PASS" starttime="20200405 09:10:48.072" endtime="20200405 09:10:50.321"></status>
</kw>
<kw name="Sleep" library="BuiltIn">
<doc>Pauses the test executed for the given time.</doc>
<arguments>
<arg>1</arg>
</arguments>
<msg timestamp="20200405 09:10:51.323" level="INFO">Slept 1 second</msg>
<status status="PASS" starttime="20200405 09:10:50.322" endtime="20200405 09:10:51.323"></status>
</kw>
<kw name="Input Text" library="SeleniumLibrary">
<doc>Types the given ``text`` into the text field identified by ``locator``.</doc>
<arguments>
<arg>id=input_2_join</arg>
<arg>D</arg>
</arguments>
<msg timestamp="20200405 09:10:51.324" level="INFO">Typing text 'D' into text field 'id=input_2_join'.</msg>
<status status="PASS" starttime="20200405 09:10:51.323" endtime="20200405 09:10:51.351"></status>
</kw>
<kw name="Sleep" library="BuiltIn">
<doc>Pauses the test executed for the given time.</doc>
<arguments>
<arg>1</arg>
</arguments>
<msg timestamp="20200405 09:10:52.353" level="INFO">Slept 1 second</msg>
<status status="PASS" starttime="20200405 09:10:51.353" endtime="20200405 09:10:52.353"></status>
</kw>
<kw name="Input Text" library="SeleniumLibrary">
<doc>Types the given ``text`` into the text field identified by ``locator``.</doc>
<arguments>
<arg>id=input_3_join</arg>
<arg>1</arg>
</arguments>
<msg timestamp="20200405 09:10:52.354" level="INFO">Typing text '1' into text field 'id=input_3_join'.</msg>
<status status="PASS" starttime="20200405 09:10:52.354" endtime="20200405 09:10:52.377"></status>
</kw>
<kw name="Sleep" library="BuiltIn">
<doc>Pauses the test executed for the given time.</doc>
<arguments>
<arg>1</arg>
</arguments>
<msg timestamp="20200405 09:10:53.378" level="INFO">Slept 1 second</msg>
<status status="PASS" starttime="20200405 09:10:52.378" endtime="20200405 09:10:53.378"></status>
</kw>
<kw name="Input Text" library="SeleniumLibrary">
<doc>Types the given ``text`` into the text field identified by ``locator``.</doc>
<arguments>
<arg>id=input_4_join</arg>
<arg>2</arg>
</arguments>
<msg timestamp="20200405 09:10:53.379" level="INFO">Typing text '2' into text field 'id=input_4_join'.</msg>
<status status="PASS" starttime="20200405 09:10:53.379" endtime="20200405 09:10:53.399"></status>
</kw>
<kw name="Sleep" library="BuiltIn">
<doc>Pauses the test executed for the given time.</doc>
<arguments>
<arg>1</arg>
</arguments>
<msg timestamp="20200405 09:10:54.400" level="INFO">Slept 1 second</msg>
<status status="PASS" starttime="20200405 09:10:53.399" endtime="20200405 09:10:54.400"></status>
</kw>
<kw name="Input Text" library="SeleniumLibrary">
<doc>Types the given ``text`` into the text field identified by ``locator``.</doc>
<arguments>
<arg>id=input_5_join</arg>
<arg>3</arg>
</arguments>
<msg timestamp="20200405 09:10:54.401" level="INFO">Typing text '3' into text field 'id=input_5_join'.</msg>
<status status="PASS" starttime="20200405 09:10:54.401" endtime="20200405 09:10:54.422"></status>
</kw>
<kw name="Sleep" library="BuiltIn">
<doc>Pauses the test executed for the given time.</doc>
<arguments>
<arg>1</arg>
</arguments>
<msg timestamp="20200405 09:10:55.423" level="INFO">Slept 1 second</msg>
<status status="PASS" starttime="20200405 09:10:54.422" endtime="20200405 09:10:55.423"></status>
</kw>
<kw name="Press Keys" library="SeleniumLibrary">
<doc>Simulates the user pressing key(s) to an element or on the active browser.</doc>
<arguments>
<arg>enter</arg>
</arguments>
<kw name="Capture Page Screenshot" library="SeleniumLibrary">
<doc>Takes a screenshot of the current page and embeds it into a log file.</doc>
<msg timestamp="20200405 09:10:55.482" level="INFO" html="yes">&lt;/td&gt;&lt;/tr&gt;&lt;tr&gt;&lt;td colspan="3"&gt;&lt;a href="selenium-screenshot-21.png"&gt;&lt;img src="selenium-screenshot-21.png" width="800px"&gt;&lt;/a&gt;</msg>
<status status="PASS" starttime="20200405 09:10:55.424" endtime="20200405 09:10:55.482"></status>
</kw>
<msg timestamp="20200405 09:10:55.484" level="FAIL">"keys" argument can not be empty.</msg>
<status status="FAIL" starttime="20200405 09:10:55.423" endtime="20200405 09:10:55.484"></status>
</kw>
<status status="FAIL" starttime="20200405 09:10:33.256" endtime="20200405 09:10:55.485" critical="yes">"keys" argument can not be empty.</status>
</test>
<status status="FAIL" starttime="20200405 09:10:33.058" endtime="20200405 09:10:55.486"></status>
</suite>
<status status="FAIL" starttime="20200405 09:10:33.055" endtime="20200405 09:10:55.488"></status>
</suite>
<status status="FAIL" starttime="20200405 09:10:33.028" endtime="20200405 09:10:55.490"></status>
</suite>
<statistics>
<total>
<stat pass="0" fail="1">Critical Tests</stat>
<stat pass="0" fail="1">All Tests</stat>
</total>
<tag>
</tag>
<suite>
<stat pass="0" fail="1" id="s1" name="TestSebangsa">TestSebangsa</stat>
<stat pass="0" fail="1" id="s1-s1" name="Testcases">TestSebangsa.Testcases</stat>
<stat pass="0" fail="1" id="s1-s1-s1" name="Register">TestSebangsa.Testcases.Register</stat>
</suite>
</statistics>
<errors>
</errors>
</robot>
