<?xml version="1.0" encoding="UTF-8"?>
<robot generator="Robot 3.1.2 (Python 3.7.7 on win32)" generated="20200404 09:07:54.578" rpa="false">
<suite id="s1" name="Denny" source="C:\Users\win7\git\robotframework\denny">
<suite id="s1-s1" name="Test" source="C:\Users\win7\git\robotframework\denny\test">
<suite id="s1-s1-s1" name="Tc2" source="C:\Users\win7\git\robotframework\denny\test\tc2.robot">
<test id="s1-s1-s1-t1" name="LoginSBS">
<kw name="Open Browser" library="SeleniumLibrary">
<doc>Opens a new browser instance to the optional ``url``.</doc>
<arguments>
<arg>${URL}</arg>
<arg>${Browser}</arg>
</arguments>
<msg timestamp="20200404 09:07:55.262" level="INFO">Opening browser 'headlessfirefox' to base url 'http://sebangsa.com'.</msg>
<msg timestamp="20200404 09:07:55.268" level="INFO">Firefox driver log is always forced to to: C:\Users\win7\git\robotframework\denny\geckodriver-37.log</msg>
<status status="PASS" starttime="20200404 09:07:55.261" endtime="20200404 09:08:08.581"></status>
</kw>
<kw name="Set Browser Implicit Wait" library="SeleniumLibrary">
<doc>Sets the implicit wait value used by Selenium.</doc>
<arguments>
<arg>3</arg>
</arguments>
<status status="PASS" starttime="20200404 09:08:08.582" endtime="20200404 09:08:08.599"></status>
</kw>
<kw name="Click Element" library="SeleniumLibrary">
<doc>Click the element identified by ``locator``.</doc>
<arguments>
<arg>id=dropbtn-login</arg>
</arguments>
<msg timestamp="20200404 09:08:08.601" level="INFO">Clicking element 'id=dropbtn-login'.</msg>
<status status="PASS" starttime="20200404 09:08:08.600" endtime="20200404 09:08:08.847"></status>
</kw>
<kw name="Set Browser Implicit Wait" library="SeleniumLibrary">
<doc>Sets the implicit wait value used by Selenium.</doc>
<arguments>
<arg>3</arg>
</arguments>
<status status="PASS" starttime="20200404 09:08:08.847" endtime="20200404 09:08:08.851"></status>
</kw>
<kw name="Input Text" library="SeleniumLibrary">
<doc>Types the given ``text`` into the text field identified by ``locator``.</doc>
<arguments>
<arg>id=username</arg>
<arg>@{CREDENTIALS}[0]</arg>
</arguments>
<msg timestamp="20200404 09:08:08.852" level="INFO">Typing text 'testrobot' into text field 'id=username'.</msg>
<status status="PASS" starttime="20200404 09:08:08.851" endtime="20200404 09:08:08.910"></status>
</kw>
<kw name="Input Text" library="SeleniumLibrary">
<doc>Types the given ``text`` into the text field identified by ``locator``.</doc>
<arguments>
<arg>id=password</arg>
<arg>&amp;{LOGINDATA}[pass]</arg>
</arguments>
<msg timestamp="20200404 09:08:08.911" level="INFO">Typing text 'testrobot123' into text field 'id=password'.</msg>
<status status="PASS" starttime="20200404 09:08:08.910" endtime="20200404 09:08:08.963"></status>
</kw>
<kw name="Click Element" library="SeleniumLibrary">
<doc>Click the element identified by ``locator``.</doc>
<arguments>
<arg>xpath=/html/body/div[1]/div[1]/div[3]/div[1]/div[1]/div/div[1]/div/div/div/div/form/p[2]/button</arg>
</arguments>
<msg timestamp="20200404 09:08:08.964" level="INFO">Clicking element 'xpath=/html/body/div[1]/div[1]/div[3]/div[1]/div[1]/div/div[1]/div/div/div/div/form/p[2]/button'.</msg>
<status status="PASS" starttime="20200404 09:08:08.964" endtime="20200404 09:08:09.281"></status>
</kw>
<kw name="Set Browser Implicit Wait" library="SeleniumLibrary">
<doc>Sets the implicit wait value used by Selenium.</doc>
<arguments>
<arg>3</arg>
</arguments>
<status status="PASS" starttime="20200404 09:08:09.281" endtime="20200404 09:08:09.286"></status>
</kw>
<kw name="Log" library="BuiltIn">
<doc>Logs the given message with the given level.</doc>
<arguments>
<arg>login sukses</arg>
</arguments>
<msg timestamp="20200404 09:08:09.287" level="INFO">login sukses</msg>
<status status="PASS" starttime="20200404 09:08:09.286" endtime="20200404 09:08:09.288"></status>
</kw>
<status status="PASS" starttime="20200404 09:07:55.260" endtime="20200404 09:08:09.288" critical="yes"></status>
</test>
<status status="PASS" starttime="20200404 09:07:54.993" endtime="20200404 09:08:09.290"></status>
</suite>
<status status="PASS" starttime="20200404 09:07:54.989" endtime="20200404 09:08:09.294"></status>
</suite>
<status status="PASS" starttime="20200404 09:07:54.953" endtime="20200404 09:08:09.298"></status>
</suite>
<statistics>
<total>
<stat pass="1" fail="0">Critical Tests</stat>
<stat pass="1" fail="0">All Tests</stat>
</total>
<tag>
</tag>
<suite>
<stat pass="1" fail="0" id="s1" name="Denny">Denny</stat>
<stat pass="1" fail="0" id="s1-s1" name="Test">Denny.Test</stat>
<stat pass="1" fail="0" id="s1-s1-s1" name="Tc2">Denny.Test.Tc2</stat>
</suite>
</statistics>
<errors>
</errors>
</robot>
